<?xml version="1.0" encoding="UTF-8"?>
<testng-results ignored="0" total="1" passed="1" failed="0" skipped="0">
  <reporter-output>
  </reporter-output>
  <suite started-at="2022-08-28T22:35:23 WIB" name="Default suite" finished-at="2022-08-28T22:35:27 WIB" duration-ms="4040">
    <groups>
    </groups>
    <test started-at="2022-08-28T22:35:23 WIB" name="Default test" finished-at="2022-08-28T22:35:27 WIB" duration-ms="4040">
      <class name="com.juaracoding.restassured.kuis.TestPatch">
        <test-method signature="testPatch()[pri:0, instance:com.juaracoding.restassured.kuis.TestPatch@79b06cab]" started-at="2022-08-28T22:35:23 WIB" name="testPatch" finished-at="2022-08-28T22:35:27 WIB" duration-ms="3996" status="PASS">
          <reporter-output>
          </reporter-output>
        </test-method> <!-- testPatch -->
      </class> <!-- com.juaracoding.restassured.kuis.TestPatch -->
    </test> <!-- Default test -->
  </suite> <!-- Default suite -->
</testng-results>
