<?xml version="1.0" encoding="UTF-8"?>
<!-- Generated by org.testng.reporters.JUnitXMLReporter -->
<testsuite ignored="0" hostname="DESKTOP-0I8AHN0" failures="0" tests="7" name="AllTest" time="5.576" errors="0" timestamp="2022-08-28T09:23:08 WIB">
  <testcase classname="com.juaracoding.restassured.TestCRUD" name="testDelete" time="0.013"/>
  <testcase classname="com.juaracoding.restassured.TestCRUD" name="testPatch" time="0.002"/>
  <testcase classname="com.juaracoding.restassured.TestCRUD" name="testPost" time="2.785"/>
  <testcase classname="com.juaracoding.restassured.TestCRUD" name="testPut" time="0.002"/>
  <testcase classname="com.juaracoding.restassured.TestGetAllUser" name="testIdOne" time="1.495"/>
  <testcase classname="com.juaracoding.restassured.TestGetAllUser" name="testIdTwo" time="0.456"/>
  <testcase classname="com.juaracoding.restassured.TestGetAllUser" name="testStatusCode" time="0.764"/>
</testsuite> <!-- AllTest -->
